{"/Users/theekshanajayasanka/Downloads/ParkinsonApp/lib/auth.ts": {"path":"/Users/theekshanajayasanka/Downloads/ParkinsonApp/lib/auth.ts","statementMap":{"0":{"start":{"line":16,"column":4},"end":{"line":16,"column":19}},"1":{"start":{"line":17,"column":4},"end":{"line":17,"column":38}},"2":{"start":{"line":18,"column":4},"end":{"line":18,"column":25}},"3":{"start":{"line":19,"column":4},"end":{"line":19,"column":21}},"4":{"start":{"line":23,"column":31},"end":{"line":49,"column":1}},"5":{"start":{"line":24,"column":2},"end":{"line":24,"column":38}},"6":{"start":{"line":26,"column":2},"end":{"line":32,"column":3}},"7":{"start":{"line":27,"column":4},"end":{"line":31,"column":6}},"8":{"start":{"line":35,"column":2},"end":{"line":42,"column":3}},"9":{"start":{"line":36,"column":19},"end":{"line":36,"column":38}},"10":{"start":{"line":37,"column":4},"end":{"line":41,"column":6}},"11":{"start":{"line":45,"column":2},"end":{"line":48,"column":4}},"12":{"start":{"line":51,"column":29},"end":{"line":54,"column":1}},"13":{"start":{"line":52,"column":21},"end":{"line":52,"column":49}},"14":{"start":{"line":53,"column":2},"end":{"line":53,"column":32}},"15":{"start":{"line":56,"column":32},"end":{"line":60,"column":1}},"16":{"start":{"line":58,"column":24},"end":{"line":58,"column":63}},"17":{"start":{"line":59,"column":2},"end":{"line":59,"column":38}},"18":{"start":{"line":62,"column":31},"end":{"line":90,"column":1}},"19":{"start":{"line":63,"column":2},"end":{"line":65,"column":3}},"20":{"start":{"line":64,"column":4},"end":{"line":64,"column":58}},"21":{"start":{"line":68,"column":2},"end":{"line":68,"column":38}},"22":{"start":{"line":71,"column":2},"end":{"line":71,"column":34}},"23":{"start":{"line":73,"column":2},"end":{"line":89,"column":3}},"24":{"start":{"line":74,"column":28},"end":{"line":77,"column":6}},"25":{"start":{"line":79,"column":4},"end":{"line":82,"column":5}},"26":{"start":{"line":81,"column":6},"end":{"line":81,"column":18}},"27":{"start":{"line":85,"column":4},"end":{"line":85,"column":36}},"28":{"start":{"line":86,"column":4},"end":{"line":86,"column":16}},"29":{"start":{"line":88,"column":4},"end":{"line":88,"column":16}},"30":{"start":{"line":92,"column":31},"end":{"line":127,"column":1}},"31":{"start":{"line":104,"column":2},"end":{"line":106,"column":3}},"32":{"start":{"line":105,"column":4},"end":{"line":105,"column":58}},"33":{"start":{"line":108,"column":2},"end":{"line":112,"column":3}},"34":{"start":{"line":109,"column":4},"end":{"line":111,"column":6}},"35":{"start":{"line":115,"column":2},"end":{"line":115,"column":38}},"36":{"start":{"line":117,"column":26},"end":{"line":123,"column":4}},"37":{"start":{"line":125,"column":2},"end":{"line":125,"column":25}},"38":{"start":{"line":125,"column":13},"end":{"line":125,"column":25}},"39":{"start":{"line":126,"column":2},"end":{"line":126,"column":14}},"40":{"start":{"line":129,"column":37},"end":{"line":143,"column":1}},"41":{"start":{"line":130,"column":2},"end":{"line":132,"column":3}},"42":{"start":{"line":131,"column":4},"end":{"line":131,"column":58}},"43":{"start":{"line":135,"column":2},"end":{"line":135,"column":45}},"44":{"start":{"line":137,"column":20},"end":{"line":139,"column":4}},"45":{"start":{"line":141,"column":2},"end":{"line":141,"column":25}},"46":{"start":{"line":141,"column":13},"end":{"line":141,"column":25}},"47":{"start":{"line":142,"column":2},"end":{"line":142,"column":14}},"48":{"start":{"line":145,"column":30},"end":{"line":161,"column":1}},"49":{"start":{"line":146,"column":2},"end":{"line":150,"column":3}},"50":{"start":{"line":147,"column":4},"end":{"line":149,"column":6}},"51":{"start":{"line":153,"column":2},"end":{"line":153,"column":46}},"52":{"start":{"line":155,"column":20},"end":{"line":157,"column":4}},"53":{"start":{"line":159,"column":2},"end":{"line":159,"column":25}},"54":{"start":{"line":159,"column":13},"end":{"line":159,"column":25}},"55":{"start":{"line":160,"column":2},"end":{"line":160,"column":14}},"56":{"start":{"line":163,"column":30},"end":{"line":170,"column":1}},"57":{"start":{"line":165,"column":2},"end":{"line":165,"column":46}},"58":{"start":{"line":167,"column":26},"end":{"line":167,"column":62}},"59":{"start":{"line":168,"column":2},"end":{"line":168,"column":25}},"60":{"start":{"line":168,"column":13},"end":{"line":168,"column":25}},"61":{"start":{"line":169,"column":2},"end":{"line":169,"column":14}},"62":{"start":{"line":172,"column":23},"end":{"line":179,"column":1}},"63":{"start":{"line":174,"column":2},"end":{"line":174,"column":39}},"64":{"start":{"line":176,"column":20},"end":{"line":176,"column":49}},"65":{"start":{"line":177,"column":2},"end":{"line":177,"column":25}},"66":{"start":{"line":177,"column":13},"end":{"line":177,"column":25}},"67":{"start":{"line":178,"column":2},"end":{"line":178,"column":14}}},"fnMap":{"0":{"name":"(anonymous_0)","decl":{"start":{"line":15,"column":2},"end":{"line":15,"column":3}},"loc":{"start":{"line":15,"column":68},"end":{"line":20,"column":3}},"line":15},"1":{"name":"(anonymous_1)","decl":{"start":{"line":23,"column":31},"end":{"line":23,"column":32}},"loc":{"start":{"line":23,"column":58},"end":{"line":49,"column":1}},"line":23},"2":{"name":"(anonymous_2)","decl":{"start":{"line":51,"column":29},"end":{"line":51,"column":30}},"loc":{"start":{"line":51,"column":57},"end":{"line":54,"column":1}},"line":51},"3":{"name":"(anonymous_3)","decl":{"start":{"line":56,"column":32},"end":{"line":56,"column":33}},"loc":{"start":{"line":56,"column":63},"end":{"line":60,"column":1}},"line":56},"4":{"name":"(anonymous_4)","decl":{"start":{"line":62,"column":31},"end":{"line":62,"column":32}},"loc":{"start":{"line":62,"column":74},"end":{"line":90,"column":1}},"line":62},"5":{"name":"(anonymous_5)","decl":{"start":{"line":92,"column":31},"end":{"line":92,"column":32}},"loc":{"start":{"line":103,"column":5},"end":{"line":127,"column":1}},"line":103},"6":{"name":"(anonymous_6)","decl":{"start":{"line":129,"column":37},"end":{"line":129,"column":38}},"loc":{"start":{"line":129,"column":62},"end":{"line":143,"column":1}},"line":129},"7":{"name":"(anonymous_7)","decl":{"start":{"line":145,"column":30},"end":{"line":145,"column":31}},"loc":{"start":{"line":145,"column":61},"end":{"line":161,"column":1}},"line":145},"8":{"name":"(anonymous_8)","decl":{"start":{"line":163,"column":30},"end":{"line":163,"column":31}},"loc":{"start":{"line":163,"column":42},"end":{"line":170,"column":1}},"line":163},"9":{"name":"(anonymous_9)","decl":{"start":{"line":172,"column":23},"end":{"line":172,"column":24}},"loc":{"start":{"line":172,"column":35},"end":{"line":179,"column":1}},"line":172}},"branchMap":{"0":{"loc":{"start":{"line":15,"column":31},"end":{"line":15,"column":51}},"type":"default-arg","locations":[{"start":{"line":15,"column":48},"end":{"line":15,"column":51}}],"line":15},"1":{"loc":{"start":{"line":26,"column":2},"end":{"line":32,"column":3}},"type":"if","locations":[{"start":{"line":26,"column":2},"end":{"line":32,"column":3}},{"start":{},"end":{}}],"line":26},"2":{"loc":{"start":{"line":35,"column":2},"end":{"line":42,"column":3}},"type":"if","locations":[{"start":{"line":35,"column":2},"end":{"line":42,"column":3}},{"start":{},"end":{}}],"line":35},"3":{"loc":{"start":{"line":36,"column":19},"end":{"line":36,"column":38}},"type":"binary-expr","locations":[{"start":{"line":36,"column":19},"end":{"line":36,"column":31}},{"start":{"line":36,"column":35},"end":{"line":36,"column":38}}],"line":36},"4":{"loc":{"start":{"line":63,"column":2},"end":{"line":65,"column":3}},"type":"if","locations":[{"start":{"line":63,"column":2},"end":{"line":65,"column":3}},{"start":{},"end":{}}],"line":63},"5":{"loc":{"start":{"line":79,"column":4},"end":{"line":82,"column":5}},"type":"if","locations":[{"start":{"line":79,"column":4},"end":{"line":82,"column":5}},{"start":{},"end":{}}],"line":79},"6":{"loc":{"start":{"line":104,"column":2},"end":{"line":106,"column":3}},"type":"if","locations":[{"start":{"line":104,"column":2},"end":{"line":106,"column":3}},{"start":{},"end":{}}],"line":104},"7":{"loc":{"start":{"line":108,"column":2},"end":{"line":112,"column":3}},"type":"if","locations":[{"start":{"line":108,"column":2},"end":{"line":112,"column":3}},{"start":{},"end":{}}],"line":108},"8":{"loc":{"start":{"line":125,"column":2},"end":{"line":125,"column":25}},"type":"if","locations":[{"start":{"line":125,"column":2},"end":{"line":125,"column":25}},{"start":{},"end":{}}],"line":125},"9":{"loc":{"start":{"line":130,"column":2},"end":{"line":132,"column":3}},"type":"if","locations":[{"start":{"line":130,"column":2},"end":{"line":132,"column":3}},{"start":{},"end":{}}],"line":130},"10":{"loc":{"start":{"line":141,"column":2},"end":{"line":141,"column":25}},"type":"if","locations":[{"start":{"line":141,"column":2},"end":{"line":141,"column":25}},{"start":{},"end":{}}],"line":141},"11":{"loc":{"start":{"line":146,"column":2},"end":{"line":150,"column":3}},"type":"if","locations":[{"start":{"line":146,"column":2},"end":{"line":150,"column":3}},{"start":{},"end":{}}],"line":146},"12":{"loc":{"start":{"line":159,"column":2},"end":{"line":159,"column":25}},"type":"if","locations":[{"start":{"line":159,"column":2},"end":{"line":159,"column":25}},{"start":{},"end":{}}],"line":159},"13":{"loc":{"start":{"line":168,"column":2},"end":{"line":168,"column":25}},"type":"if","locations":[{"start":{"line":168,"column":2},"end":{"line":168,"column":25}},{"start":{},"end":{}}],"line":168},"14":{"loc":{"start":{"line":177,"column":2},"end":{"line":177,"column":25}},"type":"if","locations":[{"start":{"line":177,"column":2},"end":{"line":177,"column":25}},{"start":{},"end":{}}],"line":177}},"s":{"0":9,"1":9,"2":9,"3":9,"4":2,"5":0,"6":0,"7":0,"8":0,"9":0,"10":0,"11":0,"12":2,"13":16,"14":16,"15":2,"16":10,"17":10,"18":2,"19":4,"20":1,"21":3,"22":2,"23":1,"24":1,"25":1,"26":0,"27":1,"28":1,"29":0,"30":2,"31":3,"32":1,"33":2,"34":1,"35":1,"36":1,"37":1,"38":0,"39":1,"40":2,"41":2,"42":1,"43":1,"44":1,"45":1,"46":0,"47":1,"48":2,"49":2,"50":1,"51":1,"52":1,"53":1,"54":0,"55":1,"56":2,"57":0,"58":0,"59":0,"60":0,"61":0,"62":2,"63":0,"64":0,"65":0,"66":0,"67":0},"f":{"0":9,"1":0,"2":16,"3":10,"4":4,"5":3,"6":2,"7":2,"8":0,"9":0},"b":{"0":[5],"1":[0,0],"2":[0,0],"3":[0,0],"4":[1,3],"5":[0,1],"6":[1,2],"7":[1,1],"8":[0,1],"9":[1,1],"10":[0,1],"11":[1,1],"12":[0,1],"13":[0,0],"14":[0,0]},"_coverageSchema":"1a1c01bbd47fc00a2c39e90264f33305004495a9","hash":"3d2185bfe3c6ca846f8e1cae5f97a48a793cc4ed"}
,"/Users/theekshanajayasanka/Downloads/ParkinsonApp/lib/security.ts": {"path":"/Users/theekshanajayasanka/Downloads/ParkinsonApp/lib/security.ts","statementMap":{"0":{"start":{"line":4,"column":27},"end":{"line":4,"column":28}},"1":{"start":{"line":5,"column":25},"end":{"line":5,"column":39}},"2":{"start":{"line":6,"column":26},"end":{"line":6,"column":35}},"3":{"start":{"line":7,"column":32},"end":{"line":7,"column":34}},"4":{"start":{"line":21,"column":30},"end":{"line":53,"column":1}},"5":{"start":{"line":22,"column":23},"end":{"line":22,"column":41}},"6":{"start":{"line":23,"column":2},"end":{"line":52,"column":3}},"7":{"start":{"line":24,"column":19},"end":{"line":24,"column":59}},"8":{"start":{"line":25,"column":16},"end":{"line":25,"column":26}},"9":{"start":{"line":28,"column":4},"end":{"line":43,"column":5}},"10":{"start":{"line":29,"column":6},"end":{"line":29,"column":32}},"11":{"start":{"line":30,"column":6},"end":{"line":40,"column":7}},"12":{"start":{"line":32,"column":8},"end":{"line":32,"column":44}},"13":{"start":{"line":33,"column":13},"end":{"line":40,"column":7}},"14":{"start":{"line":34,"column":8},"end":{"line":37,"column":10}},"15":{"start":{"line":39,"column":8},"end":{"line":39,"column":24}},"16":{"start":{"line":42,"column":6},"end":{"line":42,"column":42}},"17":{"start":{"line":45,"column":4},"end":{"line":45,"column":67}},"18":{"start":{"line":47,"column":4},"end":{"line":49,"column":5}},"19":{"start":{"line":48,"column":6},"end":{"line":48,"column":18}},"20":{"start":{"line":50,"column":4},"end":{"line":50,"column":53}},"21":{"start":{"line":56,"column":34},"end":{"line":110,"column":1}},"22":{"start":{"line":57,"column":22},"end":{"line":57,"column":46}},"23":{"start":{"line":58,"column":2},"end":{"line":109,"column":3}},"24":{"start":{"line":59,"column":19},"end":{"line":59,"column":58}},"25":{"start":{"line":60,"column":16},"end":{"line":60,"column":26}},"26":{"start":{"line":63,"column":4},"end":{"line":100,"column":5}},"27":{"start":{"line":64,"column":6},"end":{"line":64,"column":32}},"28":{"start":{"line":67,"column":6},"end":{"line":73,"column":7}},"29":{"start":{"line":68,"column":28},"end":{"line":68,"column":77}},"30":{"start":{"line":69,"column":8},"end":{"line":72,"column":10}},"31":{"start":{"line":76,"column":6},"end":{"line":97,"column":7}},"32":{"start":{"line":77,"column":8},"end":{"line":77,"column":49}},"33":{"start":{"line":80,"column":11},"end":{"line":97,"column":7}},"34":{"start":{"line":81,"column":8},"end":{"line":81,"column":49}},"35":{"start":{"line":85,"column":8},"end":{"line":85,"column":27}},"36":{"start":{"line":86,"column":8},"end":{"line":86,"column":31}},"37":{"start":{"line":89,"column":8},"end":{"line":96,"column":9}},"38":{"start":{"line":90,"column":10},"end":{"line":90,"column":52}},"39":{"start":{"line":91,"column":10},"end":{"line":91,"column":72}},"40":{"start":{"line":92,"column":10},"end":{"line":95,"column":12}},"41":{"start":{"line":99,"column":6},"end":{"line":99,"column":47}},"42":{"start":{"line":102,"column":4},"end":{"line":102,"column":66}},"43":{"start":{"line":104,"column":4},"end":{"line":106,"column":5}},"44":{"start":{"line":105,"column":6},"end":{"line":105,"column":18}},"45":{"start":{"line":107,"column":4},"end":{"line":107,"column":56}},"46":{"start":{"line":113,"column":34},"end":{"line":120,"column":1}},"47":{"start":{"line":114,"column":22},"end":{"line":114,"column":46}},"48":{"start":{"line":115,"column":2},"end":{"line":119,"column":3}},"49":{"start":{"line":116,"column":4},"end":{"line":116,"column":47}},"50":{"start":{"line":118,"column":4},"end":{"line":118,"column":60}},"51":{"start":{"line":123,"column":43},"end":{"line":149,"column":1}},"52":{"start":{"line":124,"column":2},"end":{"line":148,"column":3}},"53":{"start":{"line":125,"column":16},"end":{"line":125,"column":26}},"54":{"start":{"line":126,"column":17},"end":{"line":126,"column":48}},"55":{"start":{"line":128,"column":4},"end":{"line":145,"column":5}},"56":{"start":{"line":129,"column":6},"end":{"line":144,"column":7}},"57":{"start":{"line":130,"column":23},"end":{"line":130,"column":54}},"58":{"start":{"line":131,"column":8},"end":{"line":143,"column":9}},"59":{"start":{"line":132,"column":23},"end":{"line":132,"column":41}},"60":{"start":{"line":134,"column":10},"end":{"line":142,"column":11}},"61":{"start":{"line":135,"column":12},"end":{"line":137,"column":13}},"62":{"start":{"line":136,"column":14},"end":{"line":136,"column":49}},"63":{"start":{"line":139,"column":12},"end":{"line":141,"column":13}},"64":{"start":{"line":140,"column":14},"end":{"line":140,"column":49}},"65":{"start":{"line":147,"column":4},"end":{"line":147,"column":70}}},"fnMap":{"0":{"name":"(anonymous_0)","decl":{"start":{"line":21,"column":30},"end":{"line":21,"column":31}},"loc":{"start":{"line":21,"column":68},"end":{"line":53,"column":1}},"line":21},"1":{"name":"(anonymous_1)","decl":{"start":{"line":56,"column":34},"end":{"line":56,"column":35}},"loc":{"start":{"line":56,"column":74},"end":{"line":110,"column":1}},"line":56},"2":{"name":"(anonymous_2)","decl":{"start":{"line":113,"column":34},"end":{"line":113,"column":35}},"loc":{"start":{"line":113,"column":74},"end":{"line":120,"column":1}},"line":113},"3":{"name":"(anonymous_3)","decl":{"start":{"line":123,"column":43},"end":{"line":123,"column":44}},"loc":{"start":{"line":123,"column":70},"end":{"line":149,"column":1}},"line":123}},"branchMap":{"0":{"loc":{"start":{"line":28,"column":4},"end":{"line":43,"column":5}},"type":"if","locations":[{"start":{"line":28,"column":4},"end":{"line":43,"column":5}},{"start":{"line":41,"column":11},"end":{"line":43,"column":5}}],"line":28},"1":{"loc":{"start":{"line":30,"column":6},"end":{"line":40,"column":7}},"type":"if","locations":[{"start":{"line":30,"column":6},"end":{"line":40,"column":7}},{"start":{"line":33,"column":13},"end":{"line":40,"column":7}}],"line":30},"2":{"loc":{"start":{"line":33,"column":13},"end":{"line":40,"column":7}},"type":"if","locations":[{"start":{"line":33,"column":13},"end":{"line":40,"column":7}},{"start":{"line":38,"column":13},"end":{"line":40,"column":7}}],"line":33},"3":{"loc":{"start":{"line":47,"column":4},"end":{"line":49,"column":5}},"type":"if","locations":[{"start":{"line":47,"column":4},"end":{"line":49,"column":5}},{"start":{},"end":{}}],"line":47},"4":{"loc":{"start":{"line":63,"column":4},"end":{"line":100,"column":5}},"type":"if","locations":[{"start":{"line":63,"column":4},"end":{"line":100,"column":5}},{"start":{"line":98,"column":11},"end":{"line":100,"column":5}}],"line":63},"5":{"loc":{"start":{"line":67,"column":6},"end":{"line":73,"column":7}},"type":"if","locations":[{"start":{"line":67,"column":6},"end":{"line":73,"column":7}},{"start":{},"end":{}}],"line":67},"6":{"loc":{"start":{"line":67,"column":10},"end":{"line":67,"column":52}},"type":"binary-expr","locations":[{"start":{"line":67,"column":10},"end":{"line":67,"column":26}},{"start":{"line":67,"column":30},"end":{"line":67,"column":52}}],"line":67},"7":{"loc":{"start":{"line":76,"column":6},"end":{"line":97,"column":7}},"type":"if","locations":[{"start":{"line":76,"column":6},"end":{"line":97,"column":7}},{"start":{"line":80,"column":11},"end":{"line":97,"column":7}}],"line":76},"8":{"loc":{"start":{"line":76,"column":10},"end":{"line":76,"column":53}},"type":"binary-expr","locations":[{"start":{"line":76,"column":10},"end":{"line":76,"column":26}},{"start":{"line":76,"column":30},"end":{"line":76,"column":53}}],"line":76},"9":{"loc":{"start":{"line":80,"column":11},"end":{"line":97,"column":7}},"type":"if","locations":[{"start":{"line":80,"column":11},"end":{"line":97,"column":7}},{"start":{"line":84,"column":11},"end":{"line":97,"column":7}}],"line":80},"10":{"loc":{"start":{"line":89,"column":8},"end":{"line":96,"column":9}},"type":"if","locations":[{"start":{"line":89,"column":8},"end":{"line":96,"column":9}},{"start":{},"end":{}}],"line":89},"11":{"loc":{"start":{"line":104,"column":4},"end":{"line":106,"column":5}},"type":"if","locations":[{"start":{"line":104,"column":4},"end":{"line":106,"column":5}},{"start":{},"end":{}}],"line":104},"12":{"loc":{"start":{"line":129,"column":6},"end":{"line":144,"column":7}},"type":"if","locations":[{"start":{"line":129,"column":6},"end":{"line":144,"column":7}},{"start":{},"end":{}}],"line":129},"13":{"loc":{"start":{"line":129,"column":10},"end":{"line":129,"column":74}},"type":"binary-expr","locations":[{"start":{"line":129,"column":10},"end":{"line":129,"column":38}},{"start":{"line":129,"column":42},"end":{"line":129,"column":74}}],"line":129},"14":{"loc":{"start":{"line":131,"column":8},"end":{"line":143,"column":9}},"type":"if","locations":[{"start":{"line":131,"column":8},"end":{"line":143,"column":9}},{"start":{},"end":{}}],"line":131},"15":{"loc":{"start":{"line":134,"column":10},"end":{"line":142,"column":11}},"type":"if","locations":[{"start":{"line":134,"column":10},"end":{"line":142,"column":11}},{"start":{"line":138,"column":17},"end":{"line":142,"column":11}}],"line":134},"16":{"loc":{"start":{"line":135,"column":12},"end":{"line":137,"column":13}},"type":"if","locations":[{"start":{"line":135,"column":12},"end":{"line":137,"column":13}},{"start":{},"end":{}}],"line":135},"17":{"loc":{"start":{"line":139,"column":12},"end":{"line":141,"column":13}},"type":"if","locations":[{"start":{"line":139,"column":12},"end":{"line":141,"column":13}},{"start":{},"end":{}}],"line":139}},"s":{"0":2,"1":2,"2":2,"3":2,"4":2,"5":9,"6":9,"7":9,"8":9,"9":9,"10":5,"11":5,"12":1,"13":4,"14":2,"15":2,"16":4,"17":7,"18":2,"19":2,"20":0,"21":2,"22":5,"23":5,"24":5,"25":5,"26":5,"27":3,"28":3,"29":1,"30":1,"31":2,"32":1,"33":1,"34":0,"35":1,"36":1,"37":1,"38":1,"39":1,"40":1,"41":2,"42":3,"43":2,"44":2,"45":0,"46":2,"47":3,"48":3,"49":3,"50":1,"51":2,"52":3,"53":3,"54":3,"55":2,"56":3,"57":3,"58":3,"59":2,"60":2,"61":1,"62":1,"63":1,"64":1,"65":3},"f":{"0":9,"1":5,"2":3,"3":3},"b":{"0":[5,4],"1":[1,4],"2":[2,2],"3":[2,0],"4":[3,2],"5":[1,2],"6":[3,2],"7":[1,1],"8":[2,1],"9":[0,1],"10":[1,0],"11":[2,0],"12":[3,0],"13":[3,1],"14":[2,1],"15":[1,1],"16":[1,0],"17":[1,0]},"_coverageSchema":"1a1c01bbd47fc00a2c39e90264f33305004495a9","hash":"9b68a7340b14ebec1b2bff8a265b59d7cefcdfca"}
,"/Users/theekshanajayasanka/Downloads/ParkinsonApp/lib/supabase.ts": {"path":"/Users/theekshanajayasanka/Downloads/ParkinsonApp/lib/supabase.ts","statementMap":{"0":{"start":{"line":7,"column":20},"end":{"line":7,"column":56}},"1":{"start":{"line":8,"column":24},"end":{"line":8,"column":65}},"2":{"start":{"line":11,"column":31},"end":{"line":21,"column":1}},"3":{"start":{"line":13,"column":4},"end":{"line":13,"column":41}},"4":{"start":{"line":16,"column":4},"end":{"line":16,"column":48}},"5":{"start":{"line":19,"column":4},"end":{"line":19,"column":44}},"6":{"start":{"line":24,"column":23},"end":{"line":31,"column":1}},"7":{"start":{"line":25,"column":2},"end":{"line":28,"column":3}},"8":{"start":{"line":27,"column":4},"end":{"line":27,"column":35}},"9":{"start":{"line":30,"column":2},"end":{"line":30,"column":27}},"10":{"start":{"line":34,"column":24},"end":{"line":47,"column":1}},"11":{"start":{"line":70,"column":31},"end":{"line":76,"column":1}},"12":{"start":{"line":71,"column":2},"end":{"line":71,"column":38}},"13":{"start":{"line":72,"column":2},"end":{"line":75,"column":4}},"14":{"start":{"line":79,"column":26},"end":{"line":88,"column":1}},"15":{"start":{"line":80,"column":26},"end":{"line":84,"column":13}},"16":{"start":{"line":86,"column":2},"end":{"line":86,"column":25}},"17":{"start":{"line":86,"column":13},"end":{"line":86,"column":25}},"18":{"start":{"line":87,"column":2},"end":{"line":87,"column":29}},"19":{"start":{"line":90,"column":29},"end":{"line":100,"column":1}},"20":{"start":{"line":91,"column":26},"end":{"line":96,"column":13}},"21":{"start":{"line":98,"column":2},"end":{"line":98,"column":25}},"22":{"start":{"line":98,"column":13},"end":{"line":98,"column":25}},"23":{"start":{"line":99,"column":2},"end":{"line":99,"column":29}},"24":{"start":{"line":102,"column":36},"end":{"line":121,"column":1}},"25":{"start":{"line":103,"column":26},"end":{"line":117,"column":36}},"26":{"start":{"line":119,"column":2},"end":{"line":119,"column":25}},"27":{"start":{"line":119,"column":13},"end":{"line":119,"column":25}},"28":{"start":{"line":120,"column":2},"end":{"line":120,"column":57}},"29":{"start":{"line":120,"column":26},"end":{"line":120,"column":38}},"30":{"start":{"line":123,"column":36},"end":{"line":140,"column":1}},"31":{"start":{"line":124,"column":26},"end":{"line":136,"column":32}},"32":{"start":{"line":138,"column":2},"end":{"line":138,"column":25}},"33":{"start":{"line":138,"column":13},"end":{"line":138,"column":25}},"34":{"start":{"line":139,"column":2},"end":{"line":139,"column":59}},"35":{"start":{"line":139,"column":26},"end":{"line":139,"column":40}}},"fnMap":{"0":{"name":"(anonymous_0)","decl":{"start":{"line":12,"column":11},"end":{"line":12,"column":12}},"loc":{"start":{"line":12,"column":28},"end":{"line":14,"column":3}},"line":12},"1":{"name":"(anonymous_1)","decl":{"start":{"line":15,"column":11},"end":{"line":15,"column":12}},"loc":{"start":{"line":15,"column":43},"end":{"line":17,"column":3}},"line":15},"2":{"name":"(anonymous_2)","decl":{"start":{"line":18,"column":14},"end":{"line":18,"column":15}},"loc":{"start":{"line":18,"column":31},"end":{"line":20,"column":3}},"line":18},"3":{"name":"(anonymous_3)","decl":{"start":{"line":24,"column":23},"end":{"line":24,"column":24}},"loc":{"start":{"line":24,"column":29},"end":{"line":31,"column":1}},"line":24},"4":{"name":"(anonymous_4)","decl":{"start":{"line":70,"column":31},"end":{"line":70,"column":32}},"loc":{"start":{"line":70,"column":58},"end":{"line":76,"column":1}},"line":70},"5":{"name":"(anonymous_5)","decl":{"start":{"line":79,"column":26},"end":{"line":79,"column":27}},"loc":{"start":{"line":79,"column":52},"end":{"line":88,"column":1}},"line":79},"6":{"name":"(anonymous_6)","decl":{"start":{"line":90,"column":29},"end":{"line":90,"column":30}},"loc":{"start":{"line":90,"column":86},"end":{"line":100,"column":1}},"line":90},"7":{"name":"(anonymous_7)","decl":{"start":{"line":102,"column":36},"end":{"line":102,"column":37}},"loc":{"start":{"line":102,"column":67},"end":{"line":121,"column":1}},"line":102},"8":{"name":"(anonymous_8)","decl":{"start":{"line":120,"column":18},"end":{"line":120,"column":19}},"loc":{"start":{"line":120,"column":26},"end":{"line":120,"column":38}},"line":120},"9":{"name":"(anonymous_9)","decl":{"start":{"line":123,"column":36},"end":{"line":123,"column":37}},"loc":{"start":{"line":123,"column":65},"end":{"line":140,"column":1}},"line":123},"10":{"name":"(anonymous_10)","decl":{"start":{"line":139,"column":18},"end":{"line":139,"column":19}},"loc":{"start":{"line":139,"column":26},"end":{"line":139,"column":40}},"line":139}},"branchMap":{"0":{"loc":{"start":{"line":25,"column":2},"end":{"line":28,"column":3}},"type":"if","locations":[{"start":{"line":25,"column":2},"end":{"line":28,"column":3}},{"start":{},"end":{}}],"line":25},"1":{"loc":{"start":{"line":35,"column":2},"end":{"line":35,"column":19}},"type":"binary-expr","locations":[{"start":{"line":35,"column":2},"end":{"line":35,"column":13}},{"start":{"line":35,"column":17},"end":{"line":35,"column":19}}],"line":35},"2":{"loc":{"start":{"line":36,"column":2},"end":{"line":36,"column":23}},"type":"binary-expr","locations":[{"start":{"line":36,"column":2},"end":{"line":36,"column":17}},{"start":{"line":36,"column":21},"end":{"line":36,"column":23}}],"line":36},"3":{"loc":{"start":{"line":73,"column":13},"end":{"line":73,"column":60}},"type":"binary-expr","locations":[{"start":{"line":73,"column":13},"end":{"line":73,"column":26}},{"start":{"line":73,"column":30},"end":{"line":73,"column":60}}],"line":73},"4":{"loc":{"start":{"line":74,"column":12},"end":{"line":74,"column":31}},"type":"binary-expr","locations":[{"start":{"line":74,"column":12},"end":{"line":74,"column":24}},{"start":{"line":74,"column":28},"end":{"line":74,"column":31}}],"line":74},"5":{"loc":{"start":{"line":86,"column":2},"end":{"line":86,"column":25}},"type":"if","locations":[{"start":{"line":86,"column":2},"end":{"line":86,"column":25}},{"start":{},"end":{}}],"line":86},"6":{"loc":{"start":{"line":98,"column":2},"end":{"line":98,"column":25}},"type":"if","locations":[{"start":{"line":98,"column":2},"end":{"line":98,"column":25}},{"start":{},"end":{}}],"line":98},"7":{"loc":{"start":{"line":119,"column":2},"end":{"line":119,"column":25}},"type":"if","locations":[{"start":{"line":119,"column":2},"end":{"line":119,"column":25}},{"start":{},"end":{}}],"line":119},"8":{"loc":{"start":{"line":138,"column":2},"end":{"line":138,"column":25}},"type":"if","locations":[{"start":{"line":138,"column":2},"end":{"line":138,"column":25}},{"start":{},"end":{}}],"line":138}},"s":{"0":1,"1":1,"2":1,"3":1,"4":0,"5":0,"6":1,"7":1,"8":1,"9":0,"10":1,"11":1,"12":0,"13":0,"14":1,"15":0,"16":0,"17":0,"18":0,"19":1,"20":0,"21":0,"22":0,"23":0,"24":1,"25":0,"26":0,"27":0,"28":0,"29":0,"30":1,"31":0,"32":0,"33":0,"34":0,"35":0},"f":{"0":1,"1":0,"2":0,"3":1,"4":0,"5":0,"6":0,"7":0,"8":0,"9":0,"10":0},"b":{"0":[1,0],"1":[1,0],"2":[1,0],"3":[0,0],"4":[0,0],"5":[0,0],"6":[0,0],"7":[0,0],"8":[0,0]},"_coverageSchema":"1a1c01bbd47fc00a2c39e90264f33305004495a9","hash":"728b97eedc36b08d713934bfc447b98dc7a80e76"}
}
