TN:
SF:lib/auth.ts
FN:15,(anonymous_0)
FN:23,(anonymous_1)
FN:51,(anonymous_2)
FN:56,(anonymous_3)
FN:62,(anonymous_4)
FN:92,(anonymous_5)
FN:129,(anonymous_6)
FN:145,(anonymous_7)
FN:163,(anonymous_8)
FN:172,(anonymous_9)
FNF:10
FNH:7
FNDA:9,(anonymous_0)
FNDA:0,(anonymous_1)
FNDA:16,(anonymous_2)
FNDA:10,(anonymous_3)
FNDA:4,(anonymous_4)
FNDA:3,(anonymous_5)
FNDA:2,(anonymous_6)
FNDA:2,(anonymous_7)
FNDA:0,(anonymous_8)
FNDA:0,(anonymous_9)
DA:16,9
DA:17,9
DA:18,9
DA:19,9
DA:23,2
DA:24,0
DA:26,0
DA:27,0
DA:35,0
DA:36,0
DA:37,0
DA:45,0
DA:51,2
DA:52,16
DA:53,16
DA:56,2
DA:58,10
DA:59,10
DA:62,2
DA:63,4
DA:64,1
DA:68,3
DA:71,2
DA:73,1
DA:74,1
DA:79,1
DA:81,0
DA:85,1
DA:86,1
DA:88,0
DA:92,2
DA:104,3
DA:105,1
DA:108,2
DA:109,1
DA:115,1
DA:117,1
DA:125,1
DA:126,1
DA:129,2
DA:130,2
DA:131,1
DA:135,1
DA:137,1
DA:141,1
DA:142,1
DA:145,2
DA:146,2
DA:147,1
DA:153,1
DA:155,1
DA:159,1
DA:160,1
DA:163,2
DA:165,0
DA:167,0
DA:168,0
DA:169,0
DA:172,2
DA:174,0
DA:176,0
DA:177,0
DA:178,0
LF:63
LH:46
BRDA:15,0,0,5
BRDA:26,1,0,0
BRDA:26,1,1,0
BRDA:35,2,0,0
BRDA:35,2,1,0
BRDA:36,3,0,0
BRDA:36,3,1,0
BRDA:63,4,0,1
BRDA:63,4,1,3
BRDA:79,5,0,0
BRDA:79,5,1,1
BRDA:104,6,0,1
BRDA:104,6,1,2
BRDA:108,7,0,1
BRDA:108,7,1,1
BRDA:125,8,0,0
BRDA:125,8,1,1
BRDA:130,9,0,1
BRDA:130,9,1,1
BRDA:141,10,0,0
BRDA:141,10,1,1
BRDA:146,11,0,1
BRDA:146,11,1,1
BRDA:159,12,0,0
BRDA:159,12,1,1
BRDA:168,13,0,0
BRDA:168,13,1,0
BRDA:177,14,0,0
BRDA:177,14,1,0
BRF:29
BRH:15
end_of_record
TN:
SF:lib/security.ts
FN:21,(anonymous_0)
FN:56,(anonymous_1)
FN:113,(anonymous_2)
FN:123,(anonymous_3)
FNF:4
FNH:4
FNDA:9,(anonymous_0)
FNDA:5,(anonymous_1)
FNDA:3,(anonymous_2)
FNDA:3,(anonymous_3)
DA:4,2
DA:5,2
DA:6,2
DA:7,2
DA:21,2
DA:22,9
DA:23,9
DA:24,9
DA:25,9
DA:28,9
DA:29,5
DA:30,5
DA:32,1
DA:33,4
DA:34,2
DA:39,2
DA:42,4
DA:45,7
DA:47,2
DA:48,2
DA:50,0
DA:56,2
DA:57,5
DA:58,5
DA:59,5
DA:60,5
DA:63,5
DA:64,3
DA:67,3
DA:68,1
DA:69,1
DA:76,2
DA:77,1
DA:80,1
DA:81,0
DA:85,1
DA:86,1
DA:89,1
DA:90,1
DA:91,1
DA:92,1
DA:99,2
DA:102,3
DA:104,2
DA:105,2
DA:107,0
DA:113,2
DA:114,3
DA:115,3
DA:116,3
DA:118,1
DA:123,2
DA:124,3
DA:125,3
DA:126,3
DA:128,2
DA:129,3
DA:130,3
DA:131,3
DA:132,2
DA:134,2
DA:135,1
DA:136,1
DA:139,1
DA:140,1
DA:147,3
LF:66
LH:63
BRDA:28,0,0,5
BRDA:28,0,1,4
BRDA:30,1,0,1
BRDA:30,1,1,4
BRDA:33,2,0,2
BRDA:33,2,1,2
BRDA:47,3,0,2
BRDA:47,3,1,0
BRDA:63,4,0,3
BRDA:63,4,1,2
BRDA:67,5,0,1
BRDA:67,5,1,2
BRDA:67,6,0,3
BRDA:67,6,1,2
BRDA:76,7,0,1
BRDA:76,7,1,1
BRDA:76,8,0,2
BRDA:76,8,1,1
BRDA:80,9,0,0
BRDA:80,9,1,1
BRDA:89,10,0,1
BRDA:89,10,1,0
BRDA:104,11,0,2
BRDA:104,11,1,0
BRDA:129,12,0,3
BRDA:129,12,1,0
BRDA:129,13,0,3
BRDA:129,13,1,1
BRDA:131,14,0,2
BRDA:131,14,1,1
BRDA:134,15,0,1
BRDA:134,15,1,1
BRDA:135,16,0,1
BRDA:135,16,1,0
BRDA:139,17,0,1
BRDA:139,17,1,0
BRF:36
BRH:29
end_of_record
TN:
SF:lib/supabase.ts
FN:12,(anonymous_0)
FN:15,(anonymous_1)
FN:18,(anonymous_2)
FN:24,(anonymous_3)
FN:70,(anonymous_4)
FN:79,(anonymous_5)
FN:90,(anonymous_6)
FN:102,(anonymous_7)
FN:120,(anonymous_8)
FN:123,(anonymous_9)
FN:139,(anonymous_10)
FNF:11
FNH:2
FNDA:1,(anonymous_0)
FNDA:0,(anonymous_1)
FNDA:0,(anonymous_2)
FNDA:1,(anonymous_3)
FNDA:0,(anonymous_4)
FNDA:0,(anonymous_5)
FNDA:0,(anonymous_6)
FNDA:0,(anonymous_7)
FNDA:0,(anonymous_8)
FNDA:0,(anonymous_9)
FNDA:0,(anonymous_10)
DA:7,1
DA:8,1
DA:11,1
DA:13,1
DA:16,0
DA:19,0
DA:24,1
DA:25,1
DA:27,1
DA:30,0
DA:34,1
DA:70,1
DA:71,0
DA:72,0
DA:79,1
DA:80,0
DA:86,0
DA:87,0
DA:90,1
DA:91,0
DA:98,0
DA:99,0
DA:102,1
DA:103,0
DA:119,0
DA:120,0
DA:123,1
DA:124,0
DA:138,0
DA:139,0
LF:30
LH:13
BRDA:25,0,0,1
BRDA:25,0,1,0
BRDA:35,1,0,1
BRDA:35,1,1,0
BRDA:36,2,0,1
BRDA:36,2,1,0
BRDA:73,3,0,0
BRDA:73,3,1,0
BRDA:74,4,0,0
BRDA:74,4,1,0
BRDA:86,5,0,0
BRDA:86,5,1,0
BRDA:98,6,0,0
BRDA:98,6,1,0
BRDA:119,7,0,0
BRDA:119,7,1,0
BRDA:138,8,0,0
BRDA:138,8,1,0
BRF:18
BRH:3
end_of_record
